2017-10-23 10:20:56,092 - MainThread - YiPy - INFO - Application started...
2017-10-23 10:20:56,093 - MainThread - YiPy - INFO - Config file loaded...
2017-10-23 10:21:03,187 - MainThread - YiPy - INFO - Parsing RSS feed...
2017-10-23 10:21:03,187 - MainThread - YiPy - INFO - The Emoji Movie (2017) [1080p]
2017-10-23 10:21:03,187 - MainThread - YiPy - INFO - Northpole: Open for Christmas (2015) [1080p]
2017-10-23 10:21:03,187 - MainThread - YiPy - INFO - The Flamingo Kid (1984) [1080p]
2017-10-23 10:21:03,188 - MainThread - YiPy - INFO - Armed Response (2017) [1080p]
2017-10-23 10:21:03,188 - MainThread - YiPy - INFO - A Very Sordid Wedding (2017) [1080p]
2017-10-23 10:21:03,188 - MainThread - YiPy - INFO - Manifesto (2015) [1080p]
2017-10-23 10:21:03,188 - MainThread - YiPy - INFO - Maudie (2016) [1080p]
2017-10-23 10:21:03,188 - MainThread - YiPy - INFO - Open Water 3: Cage Dive (2017) [1080p]
2017-10-23 10:21:03,188 - MainThread - YiPy - INFO - War for the Planet of the Apes (2017) [1080p]
2017-10-23 10:21:03,188 - MainThread - YiPy - INFO - Pressure (2015) [1080p]
2017-10-23 10:32:58,792 - MainThread - YiPy - INFO - YiPy started...
2017-10-23 10:32:58,793 - MainThread - YiPy - INFO - Parsing RSS feed...
2017-10-23 10:33:07,208 - MainThread - YiPy - INFO - RSS feed parsed...
2017-10-23 10:33:07,208 - MainThread - YiPy - INFO - Listing recent uploads with 1080p resolution...
2017-10-23 10:33:07,209 - MainThread - YiPy - INFO - The Emoji Movie (2017) [1080p]
2017-10-23 10:33:07,209 - MainThread - YiPy - INFO - Northpole: Open for Christmas (2015) [1080p]
2017-10-23 10:33:07,209 - MainThread - YiPy - INFO - The Flamingo Kid (1984) [1080p]
2017-10-23 10:33:07,209 - MainThread - YiPy - INFO - Armed Response (2017) [1080p]
2017-10-23 10:33:07,209 - MainThread - YiPy - INFO - A Very Sordid Wedding (2017) [1080p]
2017-10-23 10:33:07,209 - MainThread - YiPy - INFO - Manifesto (2015) [1080p]
2017-10-23 10:33:07,209 - MainThread - YiPy - INFO - Maudie (2016) [1080p]
2017-10-23 10:33:07,209 - MainThread - YiPy - INFO - Open Water 3: Cage Dive (2017) [1080p]
2017-10-23 10:33:07,209 - MainThread - YiPy - INFO - War for the Planet of the Apes (2017) [1080p]
2017-10-23 10:33:07,209 - MainThread - YiPy - INFO - Pressure (2015) [1080p]
2017-10-23 10:34:58,050 - MainThread - YiPy - INFO - YiPy started...
2017-10-23 10:34:58,050 - MainThread - YiPy - INFO - Parsing RSS feed...
2017-10-23 10:35:04,516 - MainThread - YiPy - INFO - RSS feed parsed...
2017-10-23 10:35:04,517 - MainThread - YiPy - INFO - Listing recent uploads with 1080p resolution...
2017-10-23 10:35:04,517 - MainThread - YiPy - INFO - The Emoji Movie (2017)
2017-10-23 10:35:04,517 - MainThread - YiPy - INFO - Northpole: Open for Christmas (2015)
2017-10-23 10:35:04,517 - MainThread - YiPy - INFO - The Flamingo Kid (1984)
2017-10-23 10:35:04,517 - MainThread - YiPy - INFO - Armed Response (2017)
2017-10-23 10:35:04,517 - MainThread - YiPy - INFO - A Very Sordid Wedding (2017)
2017-10-23 10:35:04,517 - MainThread - YiPy - INFO - Manifesto (2015)
2017-10-23 10:35:04,517 - MainThread - YiPy - INFO - Maudie (2016)
2017-10-23 10:35:04,517 - MainThread - YiPy - INFO - Open Water 3: Cage Dive (2017)
2017-10-23 10:35:04,517 - MainThread - YiPy - INFO - War for the Planet of the Apes (2017)
2017-10-23 10:35:04,518 - MainThread - YiPy - INFO - Pressure (2015)
2017-10-23 10:37:51,134 - MainThread - YiPy - INFO - YiPy started...
2017-10-23 10:37:51,135 - MainThread - YiPy - INFO - Parsing RSS feed...
2017-10-23 10:37:52,815 - MainThread - YiPy - INFO - RSS feed parsed...
2017-10-23 10:37:52,815 - MainThread - YiPy - INFO - Listing recent uploads with 1080p resolution...
2017-10-23 10:37:52,815 - MainThread - YiPy - INFO - The Emoji Movie (2017)
2017-10-23 10:37:52,816 - MainThread - YiPy - INFO - Northpole: Open for Christmas (2015)
2017-10-23 10:37:52,816 - MainThread - YiPy - INFO - The Flamingo Kid (1984)
2017-10-23 10:37:52,816 - MainThread - YiPy - INFO - Armed Response (2017)
2017-10-23 10:37:52,816 - MainThread - YiPy - INFO - A Very Sordid Wedding (2017)
2017-10-23 10:37:52,816 - MainThread - YiPy - INFO - Manifesto (2015)
2017-10-23 10:37:52,816 - MainThread - YiPy - INFO - Maudie (2016)
2017-10-23 10:37:52,816 - MainThread - YiPy - INFO - Open Water 3: Cage Dive (2017)
2017-10-23 10:37:52,816 - MainThread - YiPy - INFO - War for the Planet of the Apes (2017)
2017-10-23 10:37:52,816 - MainThread - YiPy - INFO - Pressure (2015)
2017-10-23 10:40:11,819 - MainThread - YiPy - INFO - YiPy started...
2017-10-23 10:40:11,821 - MainThread - YiPy - INFO - Parsing RSS feed...
2017-10-23 10:40:14,429 - MainThread - YiPy - INFO - RSS feed parsed...
2017-10-23 10:40:14,429 - MainThread - YiPy - INFO - Listing recent uploads with 1080p resolution...
2017-10-23 10:40:14,430 - MainThread - YiPy - INFO - The Emoji Movie (2017)
2017-10-23 10:40:14,430 - MainThread - YiPy - INFO - Northpole: Open for Christmas (2015)
2017-10-23 10:40:14,430 - MainThread - YiPy - INFO - The Flamingo Kid (1984)
2017-10-23 10:40:14,430 - MainThread - YiPy - INFO - Armed Response (2017)
2017-10-23 10:40:14,430 - MainThread - YiPy - INFO - A Very Sordid Wedding (2017)
2017-10-23 10:40:14,430 - MainThread - YiPy - INFO - Manifesto (2015)
2017-10-23 10:40:14,430 - MainThread - YiPy - INFO - Maudie (2016)
2017-10-23 10:40:14,430 - MainThread - YiPy - INFO - Open Water 3: Cage Dive (2017)
2017-10-23 10:40:14,430 - MainThread - YiPy - INFO - War for the Planet of the Apes (2017)
2017-10-23 10:40:14,430 - MainThread - YiPy - INFO - Pressure (2015)
2017-10-23 10:41:49,254 - MainThread - YiPy - INFO - YiPy started...
2017-10-23 10:41:49,254 - MainThread - YiPy - INFO - Parsing RSS feed...
2017-10-23 10:41:53,012 - MainThread - YiPy - INFO - RSS feed parsed...
2017-10-23 10:41:53,012 - MainThread - YiPy - INFO - Listing recent uploads with 1080p resolution...
2017-10-23 10:41:53,013 - MainThread - YiPy - INFO - The Emoji Movie (2017)
2017-10-23 10:41:53,013 - MainThread - YiPy - INFO - Northpole: Open for Christmas (2015)
2017-10-23 10:41:53,013 - MainThread - YiPy - INFO - The Flamingo Kid (1984)
2017-10-23 10:41:53,013 - MainThread - YiPy - INFO - Armed Response (2017)
2017-10-23 10:41:53,013 - MainThread - YiPy - INFO - A Very Sordid Wedding (2017)
2017-10-23 10:41:53,013 - MainThread - YiPy - INFO - Manifesto (2015)
2017-10-23 10:41:53,013 - MainThread - YiPy - INFO - Maudie (2016)
2017-10-23 10:41:53,013 - MainThread - YiPy - INFO - Open Water 3: Cage Dive (2017)
2017-10-23 10:41:53,013 - MainThread - YiPy - INFO - War for the Planet of the Apes (2017)
2017-10-23 10:41:53,013 - MainThread - YiPy - INFO - Pressure (2015)
2017-10-23 10:43:47,459 - MainThread - YiPy - INFO - YiPy started...
2017-10-23 10:43:47,459 - MainThread - YiPy - INFO - Parsing RSS feed...
2017-10-23 10:43:52,203 - MainThread - YiPy - INFO - RSS feed parsed...
2017-10-23 10:43:52,203 - MainThread - YiPy - INFO - Listing recent uploads with 1080p resolution...
2017-10-23 10:43:52,204 - MainThread - YiPy - INFO - The Emoji Movie (2017)
2017-10-23 10:43:52,204 - MainThread - YiPy - INFO - Northpole: Open for Christmas (2015)
2017-10-23 10:43:52,204 - MainThread - YiPy - INFO - The Flamingo Kid (1984)
2017-10-23 10:43:52,204 - MainThread - YiPy - INFO - Armed Response (2017)
2017-10-23 10:43:52,204 - MainThread - YiPy - INFO - A Very Sordid Wedding (2017)
2017-10-23 10:43:52,204 - MainThread - YiPy - INFO - Manifesto (2015)
2017-10-23 10:43:52,204 - MainThread - YiPy - INFO - Maudie (2016)
2017-10-23 10:43:52,204 - MainThread - YiPy - INFO - Open Water 3: Cage Dive (2017)
2017-10-23 10:43:52,204 - MainThread - YiPy - INFO - War for the Planet of the Apes (2017)
2017-10-23 10:43:52,204 - MainThread - YiPy - INFO - Pressure (2015)
2017-10-23 10:47:38,656 - MainThread - YiPy - INFO - YiPy started...
2017-10-23 10:47:38,657 - MainThread - YiPy - INFO - Parsing RSS feed...
2017-10-23 10:47:40,874 - MainThread - YiPy - INFO - RSS feed parsed...
2017-10-23 10:47:40,874 - MainThread - YiPy - INFO - Listing recent uploads with 1080p resolution...
2017-10-23 10:47:40,875 - MainThread - YiPy - INFO - The Emoji Movie (2017)
2017-10-23 10:47:40,875 - MainThread - YiPy - INFO - Northpole: Open for Christmas (2015)
2017-10-23 10:47:40,875 - MainThread - YiPy - INFO - The Flamingo Kid (1984)
2017-10-23 10:47:40,875 - MainThread - YiPy - INFO - Armed Response (2017)
2017-10-23 10:47:40,875 - MainThread - YiPy - INFO - A Very Sordid Wedding (2017)
2017-10-23 10:47:40,875 - MainThread - YiPy - INFO - Manifesto (2015)
2017-10-23 10:47:40,875 - MainThread - YiPy - INFO - Maudie (2016)
2017-10-23 10:47:40,875 - MainThread - YiPy - INFO - Open Water 3: Cage Dive (2017)
2017-10-23 10:47:40,875 - MainThread - YiPy - INFO - War for the Planet of the Apes (2017)
2017-10-23 10:47:40,875 - MainThread - YiPy - INFO - Pressure (2015)
2017-10-23 10:51:49,891 - MainThread - YiPy - INFO - YiPy started...
2017-10-23 10:51:49,891 - MainThread - YiPy - INFO - Parsing RSS feed...
2017-10-23 10:51:51,936 - MainThread - YiPy - INFO - RSS feed parsed...
2017-10-23 10:51:51,936 - MainThread - YiPy - INFO - Listing recent uploads with 1080p resolution...
2017-10-23 10:51:51,936 - MainThread - YiPy - INFO - The Emoji Movie (2017)
2017-10-23 10:51:51,937 - MainThread - YiPy - INFO - Northpole: Open for Christmas (2015)
2017-10-23 10:51:51,937 - MainThread - YiPy - INFO - The Flamingo Kid (1984)
2017-10-23 10:51:51,937 - MainThread - YiPy - INFO - Armed Response (2017)
2017-10-23 10:51:51,937 - MainThread - YiPy - INFO - A Very Sordid Wedding (2017)
2017-10-23 10:51:51,937 - MainThread - YiPy - INFO - Manifesto (2015)
2017-10-23 10:51:51,937 - MainThread - YiPy - INFO - Maudie (2016)
2017-10-23 10:51:51,937 - MainThread - YiPy - INFO - Open Water 3: Cage Dive (2017)
2017-10-23 10:51:51,937 - MainThread - YiPy - INFO - War for the Planet of the Apes (2017)
2017-10-23 10:51:51,937 - MainThread - YiPy - INFO - Pressure (2015)
2017-10-23 10:52:01,939 - MainThread - YiPy - INFO - Listing recent uploads with 1080p resolution...
2017-10-23 10:52:01,940 - MainThread - YiPy - INFO - The Emoji Movie (2017)
2017-10-23 10:52:01,940 - MainThread - YiPy - INFO - Northpole: Open for Christmas (2015)
2017-10-23 10:52:01,941 - MainThread - YiPy - INFO - The Flamingo Kid (1984)
2017-10-23 10:52:01,941 - MainThread - YiPy - INFO - Armed Response (2017)
2017-10-23 10:52:01,941 - MainThread - YiPy - INFO - A Very Sordid Wedding (2017)
2017-10-23 10:52:01,941 - MainThread - YiPy - INFO - Manifesto (2015)
2017-10-23 10:52:01,941 - MainThread - YiPy - INFO - Maudie (2016)
2017-10-23 10:52:01,941 - MainThread - YiPy - INFO - Open Water 3: Cage Dive (2017)
2017-10-23 10:52:01,941 - MainThread - YiPy - INFO - War for the Planet of the Apes (2017)
2017-10-23 10:52:01,941 - MainThread - YiPy - INFO - Pressure (2015)
2017-10-23 10:52:11,942 - MainThread - YiPy - INFO - Listing recent uploads with 1080p resolution...
2017-10-23 10:52:11,942 - MainThread - YiPy - INFO - The Emoji Movie (2017)
2017-10-23 10:52:11,942 - MainThread - YiPy - INFO - Northpole: Open for Christmas (2015)
2017-10-23 10:52:11,943 - MainThread - YiPy - INFO - The Flamingo Kid (1984)
2017-10-23 10:52:11,943 - MainThread - YiPy - INFO - Armed Response (2017)
2017-10-23 10:52:11,943 - MainThread - YiPy - INFO - A Very Sordid Wedding (2017)
2017-10-23 10:52:11,943 - MainThread - YiPy - INFO - Manifesto (2015)
2017-10-23 10:52:11,943 - MainThread - YiPy - INFO - Maudie (2016)
2017-10-23 10:52:11,943 - MainThread - YiPy - INFO - Open Water 3: Cage Dive (2017)
2017-10-23 10:52:11,943 - MainThread - YiPy - INFO - War for the Planet of the Apes (2017)
2017-10-23 10:52:11,943 - MainThread - YiPy - INFO - Pressure (2015)
2017-10-23 10:52:52,138 - MainThread - YiPy - INFO - YiPy started...
2017-10-23 10:52:52,139 - MainThread - YiPy - INFO - Parsing RSS feed...
2017-10-23 10:53:02,890 - MainThread - YiPy - INFO - RSS feed parsed...
2017-10-23 10:53:02,890 - MainThread - YiPy - INFO - Listing recent uploads with 1080p resolution...
2017-10-23 10:53:02,890 - MainThread - YiPy - INFO - The Emoji Movie (2017)
2017-10-23 10:53:02,890 - MainThread - YiPy - INFO - Northpole: Open for Christmas (2015)
2017-10-23 10:53:02,890 - MainThread - YiPy - INFO - The Flamingo Kid (1984)
2017-10-23 10:53:02,890 - MainThread - YiPy - INFO - Armed Response (2017)
2017-10-23 10:53:02,890 - MainThread - YiPy - INFO - A Very Sordid Wedding (2017)
2017-10-23 10:53:02,890 - MainThread - YiPy - INFO - Manifesto (2015)
2017-10-23 10:53:02,891 - MainThread - YiPy - INFO - Maudie (2016)
2017-10-23 10:53:02,891 - MainThread - YiPy - INFO - Open Water 3: Cage Dive (2017)
2017-10-23 10:53:02,891 - MainThread - YiPy - INFO - War for the Planet of the Apes (2017)
2017-10-23 10:53:02,891 - MainThread - YiPy - INFO - Pressure (2015)
2017-10-23 10:53:02,891 - MainThread - YiPy - INFO - Waiting for next refresh...
2017-10-23 10:53:12,895 - MainThread - YiPy - INFO - Listing recent uploads with 1080p resolution...
2017-10-23 10:53:12,896 - MainThread - YiPy - INFO - The Emoji Movie (2017)
2017-10-23 10:53:12,896 - MainThread - YiPy - INFO - Northpole: Open for Christmas (2015)
2017-10-23 10:53:12,896 - MainThread - YiPy - INFO - The Flamingo Kid (1984)
2017-10-23 10:53:12,896 - MainThread - YiPy - INFO - Armed Response (2017)
2017-10-23 10:53:12,897 - MainThread - YiPy - INFO - A Very Sordid Wedding (2017)
2017-10-23 10:53:12,897 - MainThread - YiPy - INFO - Manifesto (2015)
2017-10-23 10:53:12,897 - MainThread - YiPy - INFO - Maudie (2016)
2017-10-23 10:53:12,897 - MainThread - YiPy - INFO - Open Water 3: Cage Dive (2017)
2017-10-23 10:53:12,897 - MainThread - YiPy - INFO - War for the Planet of the Apes (2017)
2017-10-23 10:53:12,897 - MainThread - YiPy - INFO - Pressure (2015)
2017-10-23 10:53:12,897 - MainThread - YiPy - INFO - Waiting for next refresh...
2017-10-23 10:53:22,901 - MainThread - YiPy - INFO - Listing recent uploads with 1080p resolution...
2017-10-23 10:53:22,902 - MainThread - YiPy - INFO - The Emoji Movie (2017)
2017-10-23 10:53:22,902 - MainThread - YiPy - INFO - Northpole: Open for Christmas (2015)
2017-10-23 10:53:22,902 - MainThread - YiPy - INFO - The Flamingo Kid (1984)
2017-10-23 10:53:22,902 - MainThread - YiPy - INFO - Armed Response (2017)
2017-10-23 10:53:22,902 - MainThread - YiPy - INFO - A Very Sordid Wedding (2017)
2017-10-23 10:53:22,903 - MainThread - YiPy - INFO - Manifesto (2015)
2017-10-23 10:53:22,903 - MainThread - YiPy - INFO - Maudie (2016)
2017-10-23 10:53:22,903 - MainThread - YiPy - INFO - Open Water 3: Cage Dive (2017)
2017-10-23 10:53:22,903 - MainThread - YiPy - INFO - War for the Planet of the Apes (2017)
2017-10-23 10:53:22,903 - MainThread - YiPy - INFO - Pressure (2015)
2017-10-23 10:53:22,903 - MainThread - YiPy - INFO - Waiting for next refresh...
2017-10-23 10:55:48,046 - MainThread - YiPy - INFO - YiPy started...
2017-10-23 10:55:48,046 - MainThread - YiPy - INFO - Parsing RSS feed...
2017-10-23 10:55:53,502 - MainThread - YiPy - INFO - RSS feed parsed...
2017-10-23 10:55:53,502 - MainThread - YiPy - INFO - Listing recent uploads with 1080p resolution...
2017-10-23 10:55:53,503 - MainThread - YiPy - INFO - The Emoji Movie (2017)
2017-10-23 10:55:53,503 - MainThread - YiPy - INFO - Northpole: Open for Christmas (2015)
2017-10-23 10:55:53,503 - MainThread - YiPy - INFO - The Flamingo Kid (1984)
2017-10-23 10:55:53,503 - MainThread - YiPy - INFO - Armed Response (2017)
2017-10-23 10:55:53,503 - MainThread - YiPy - INFO - A Very Sordid Wedding (2017)
2017-10-23 10:55:53,503 - MainThread - YiPy - INFO - Manifesto (2015)
2017-10-23 10:55:53,503 - MainThread - YiPy - INFO - Maudie (2016)
2017-10-23 10:55:53,504 - MainThread - YiPy - INFO - Open Water 3: Cage Dive (2017)
2017-10-23 10:55:53,504 - MainThread - YiPy - INFO - War for the Planet of the Apes (2017)
2017-10-23 10:55:53,504 - MainThread - YiPy - INFO - Pressure (2015)
2017-10-23 10:55:53,504 - MainThread - YiPy - INFO - Waiting for next refresh...
2017-10-23 10:56:03,505 - MainThread - YiPy - INFO - Listing recent uploads with 1080p resolution...
2017-10-23 10:56:03,506 - MainThread - YiPy - INFO - The Emoji Movie (2017)
2017-10-23 10:56:03,507 - MainThread - YiPy - INFO - Northpole: Open for Christmas (2015)
2017-10-23 10:56:03,507 - MainThread - YiPy - INFO - The Flamingo Kid (1984)
2017-10-23 10:56:03,507 - MainThread - YiPy - INFO - Armed Response (2017)
2017-10-23 10:56:03,508 - MainThread - YiPy - INFO - A Very Sordid Wedding (2017)
2017-10-23 10:56:03,508 - MainThread - YiPy - INFO - Manifesto (2015)
2017-10-23 10:56:03,508 - MainThread - YiPy - INFO - Maudie (2016)
2017-10-23 10:56:03,508 - MainThread - YiPy - INFO - Open Water 3: Cage Dive (2017)
2017-10-23 10:56:03,508 - MainThread - YiPy - INFO - War for the Planet of the Apes (2017)
2017-10-23 10:56:03,508 - MainThread - YiPy - INFO - Pressure (2015)
2017-10-23 10:56:03,508 - MainThread - YiPy - INFO - Waiting for next refresh...
2017-10-23 10:56:13,512 - MainThread - YiPy - INFO - Listing recent uploads with 1080p resolution...
2017-10-23 10:56:13,513 - MainThread - YiPy - INFO - The Emoji Movie (2017)
2017-10-23 10:56:13,513 - MainThread - YiPy - INFO - Northpole: Open for Christmas (2015)
2017-10-23 10:56:13,514 - MainThread - YiPy - INFO - The Flamingo Kid (1984)
2017-10-23 10:56:13,514 - MainThread - YiPy - INFO - Armed Response (2017)
2017-10-23 10:56:13,514 - MainThread - YiPy - INFO - A Very Sordid Wedding (2017)
2017-10-23 10:56:13,514 - MainThread - YiPy - INFO - Manifesto (2015)
2017-10-23 10:56:13,514 - MainThread - YiPy - INFO - Maudie (2016)
2017-10-23 10:56:13,514 - MainThread - YiPy - INFO - Open Water 3: Cage Dive (2017)
2017-10-23 10:56:13,514 - MainThread - YiPy - INFO - War for the Planet of the Apes (2017)
2017-10-23 10:56:13,514 - MainThread - YiPy - INFO - Pressure (2015)
2017-10-23 10:56:13,515 - MainThread - YiPy - INFO - Waiting for next refresh...
2017-10-23 10:56:23,516 - MainThread - YiPy - INFO - Listing recent uploads with 1080p resolution...
2017-10-23 10:56:23,517 - MainThread - YiPy - INFO - The Emoji Movie (2017)
2017-10-23 10:56:23,517 - MainThread - YiPy - INFO - Northpole: Open for Christmas (2015)
2017-10-23 10:56:23,517 - MainThread - YiPy - INFO - The Flamingo Kid (1984)
2017-10-23 10:56:23,517 - MainThread - YiPy - INFO - Armed Response (2017)
2017-10-23 10:56:23,518 - MainThread - YiPy - INFO - A Very Sordid Wedding (2017)
2017-10-23 10:56:23,518 - MainThread - YiPy - INFO - Manifesto (2015)
2017-10-23 10:56:23,518 - MainThread - YiPy - INFO - Maudie (2016)
2017-10-23 10:56:23,518 - MainThread - YiPy - INFO - Open Water 3: Cage Dive (2017)
2017-10-23 10:56:23,518 - MainThread - YiPy - INFO - War for the Planet of the Apes (2017)
2017-10-23 10:56:23,519 - MainThread - YiPy - INFO - Pressure (2015)
2017-10-23 10:56:23,519 - MainThread - YiPy - INFO - Waiting for next refresh...
2017-10-23 10:56:33,521 - MainThread - YiPy - INFO - Listing recent uploads with 1080p resolution...
2017-10-23 10:56:33,522 - MainThread - YiPy - INFO - The Emoji Movie (2017)
2017-10-23 10:56:33,523 - MainThread - YiPy - INFO - Northpole: Open for Christmas (2015)
2017-10-23 10:56:33,523 - MainThread - YiPy - INFO - The Flamingo Kid (1984)
2017-10-23 10:56:33,523 - MainThread - YiPy - INFO - Armed Response (2017)
2017-10-23 10:56:33,523 - MainThread - YiPy - INFO - A Very Sordid Wedding (2017)
2017-10-23 10:56:33,523 - MainThread - YiPy - INFO - Manifesto (2015)
2017-10-23 10:56:33,523 - MainThread - YiPy - INFO - Maudie (2016)
2017-10-23 10:56:33,524 - MainThread - YiPy - INFO - Open Water 3: Cage Dive (2017)
2017-10-23 10:56:33,524 - MainThread - YiPy - INFO - War for the Planet of the Apes (2017)
2017-10-23 10:56:33,524 - MainThread - YiPy - INFO - Pressure (2015)
2017-10-23 10:56:33,524 - MainThread - YiPy - INFO - Waiting for next refresh...
2017-10-23 10:56:43,527 - MainThread - YiPy - INFO - Listing recent uploads with 1080p resolution...
2017-10-23 10:56:43,528 - MainThread - YiPy - INFO - The Emoji Movie (2017)
2017-10-23 10:56:43,528 - MainThread - YiPy - INFO - Northpole: Open for Christmas (2015)
2017-10-23 10:56:43,528 - MainThread - YiPy - INFO - The Flamingo Kid (1984)
2017-10-23 10:56:43,528 - MainThread - YiPy - INFO - Armed Response (2017)
2017-10-23 10:56:43,528 - MainThread - YiPy - INFO - A Very Sordid Wedding (2017)
2017-10-23 10:56:43,528 - MainThread - YiPy - INFO - Manifesto (2015)
2017-10-23 10:56:43,528 - MainThread - YiPy - INFO - Maudie (2016)
2017-10-23 10:56:43,528 - MainThread - YiPy - INFO - Open Water 3: Cage Dive (2017)
2017-10-23 10:56:43,529 - MainThread - YiPy - INFO - War for the Planet of the Apes (2017)
2017-10-23 10:56:43,529 - MainThread - YiPy - INFO - Pressure (2015)
2017-10-23 10:56:43,529 - MainThread - YiPy - INFO - Waiting for next refresh...
2017-10-23 11:09:36,067 - MainThread - YiPy - INFO - YiPy started...
2017-10-23 11:09:36,068 - MainThread - YiPy - INFO - Parsing RSS feed...
2017-10-23 11:09:41,630 - MainThread - YiPy - INFO - RSS feed parsed...
2017-10-23 11:09:41,630 - MainThread - YiPy - INFO - Listing recent uploads with 1080p resolution...
2017-10-23 11:09:41,631 - MainThread - YiPy - INFO - The Emoji Movie (2017)
2017-10-23 11:09:41,631 - MainThread - YiPy - INFO - Northpole: Open for Christmas (2015)
2017-10-23 11:09:41,631 - MainThread - YiPy - INFO - The Flamingo Kid (1984)
2017-10-23 11:09:41,631 - MainThread - YiPy - INFO - Armed Response (2017)
2017-10-23 11:09:41,631 - MainThread - YiPy - INFO - A Very Sordid Wedding (2017)
2017-10-23 11:09:41,631 - MainThread - YiPy - INFO - Manifesto (2015)
2017-10-23 11:09:41,631 - MainThread - YiPy - INFO - Maudie (2016)
2017-10-23 11:09:41,631 - MainThread - YiPy - INFO - Open Water 3: Cage Dive (2017)
2017-10-23 11:09:41,631 - MainThread - YiPy - INFO - War for the Planet of the Apes (2017)
2017-10-23 11:09:41,631 - MainThread - YiPy - INFO - Pressure (2015)
2017-10-23 11:09:41,632 - MainThread - YiPy - INFO - Waiting for next refresh...
2017-10-23 11:09:51,635 - MainThread - YiPy - INFO - Listing recent uploads with 1080p resolution...
2017-10-23 11:09:51,636 - MainThread - YiPy - INFO - The Emoji Movie (2017)
2017-10-23 11:09:51,636 - MainThread - YiPy - INFO - Northpole: Open for Christmas (2015)
2017-10-23 11:09:51,636 - MainThread - YiPy - INFO - The Flamingo Kid (1984)
2017-10-23 11:09:51,636 - MainThread - YiPy - INFO - Armed Response (2017)
2017-10-23 11:09:51,636 - MainThread - YiPy - INFO - A Very Sordid Wedding (2017)
2017-10-23 11:09:51,637 - MainThread - YiPy - INFO - Manifesto (2015)
2017-10-23 11:09:51,637 - MainThread - YiPy - INFO - Maudie (2016)
2017-10-23 11:09:51,637 - MainThread - YiPy - INFO - Open Water 3: Cage Dive (2017)
2017-10-23 11:09:51,637 - MainThread - YiPy - INFO - War for the Planet of the Apes (2017)
2017-10-23 11:09:51,637 - MainThread - YiPy - INFO - Pressure (2015)
2017-10-23 11:09:51,637 - MainThread - YiPy - INFO - Waiting for next refresh...
